This is pdfTeX, Version 3.141592653-2.6-1.40.25 (MiKTeX 24.1) (preloaded format=pdflatex 2025.8.14)  26 SEP 2025 20:32
entering extended mode
 restricted \write18 enabled.
 file:line:error style messages enabled.
 %&-line parsing enabled.
**"d:/作业专用/galois theory/bref.tex"
(d:/作业专用/galois theory/bref.tex
LaTeX2e <2023-11-01> patch level 1
L3 programming layer <2024-01-04>
(C:\Users\86186\AppData\Local\MiKTeX\tex/latex/base\article.cls
Document Class: article 2023/05/17 v1.4n Standard LaTeX document class
(C:\Users\86186\AppData\Local\MiKTeX\tex/latex/base\size12.clo
File: size12.clo 2023/05/17 v1.4n Standard LaTeX file (size option)
)
\c@part=\count187
\c@section=\count188
\c@subsection=\count189
\c@subsubsection=\count190
\c@paragraph=\count191
\c@subparagraph=\count192
\c@figure=\count193
\c@table=\count194
\abovecaptionskip=\skip48
\belowcaptionskip=\skip49
\bibindent=\dimen140
) (C:\Users\86186\AppData\Local\MiKTeX\tex/latex/asymptote\asymptote.sty
Package: asymptote 2024/02/26 v1.38 Asymptote style file for LaTeX
 (bref.pre)
\ASYbox=\box51
\ASYdimen=\dimen141
\c@asy=\count195
\AsyStream=\write3
\AsyPreStream=\write4
 (C:\Users\86186\AppData\Local\MiKTeX\tex/latex/graphics\keyval.sty
Package: keyval 2022/05/29 v1.15 key=value parser (DPC)
\KV@toks@=\toks17
) (C:\Users\86186\AppData\Local\MiKTeX\tex/latex/base\ifthen.sty
Package: ifthen 2022/04/13 v1.1d Standard LaTeX ifthen package (DPC)
) (C:\Users\86186\AppData\Local\MiKTeX\tex/latex/graphics\graphicx.sty
Package: graphicx 2021/09/16 v1.2d Enhanced LaTeX Graphics (DPC,SPQR)
 (C:\Users\86186\AppData\Local\MiKTeX\tex/latex/graphics\graphics.sty
Package: graphics 2022/03/10 v1.4e Standard LaTeX Graphics (DPC,SPQR)
 (C:\Users\86186\AppData\Local\MiKTeX\tex/latex/graphics\trig.sty
Package: trig 2021/08/11 v1.11 sin cos tan (DPC)
) (C:\Users\86186\AppData\Local\MiKTeX\tex/latex/graphics-cfg\graphics.cfg
File: graphics.cfg 2016/06/04 v1.11 sample graphics configuration
)
Package graphics Info: Driver file: pdftex.def on input line 107.
 (C:\Users\86186\AppData\Local\MiKTeX\tex/latex/graphics-def\pdftex.def
File: pdftex.def 2022/09/22 v1.2b Graphics/color driver for pdftex
))
\Gin@req@height=\dimen142
\Gin@req@width=\dimen143
) (C:\Users\86186\AppData\Local\MiKTeX\tex/generic/iftex\ifpdf.sty
Package: ifpdf 2019/10/25 v3.4 ifpdf legacy package. Use iftex instead.
 (C:\Users\86186\AppData\Local\MiKTeX\tex/generic/iftex\iftex.sty
Package: iftex 2022/02/03 v1.0f TeX engine tests
)) (C:\Users\86186\AppData\Local\MiKTeX\tex/generic/iftex\ifxetex.sty
Package: ifxetex 2019/10/25 v0.7 ifxetex legacy package. Use iftex instead.
) (C:\Users\86186\AppData\Local\MiKTeX\tex/generic/catchfile\catchfile.sty
Package: catchfile 2019/12/09 v1.8 Catch the contents of a file (HO)
 (C:\Users\86186\AppData\Local\MiKTeX\tex/generic/infwarerr\infwarerr.sty
Package: infwarerr 2019/12/03 v1.5 Providing info/warning/error messages (HO)
) (C:\Users\86186\AppData\Local\MiKTeX\tex/generic/ltxcmds\ltxcmds.sty
Package: ltxcmds 2023-12-04 v1.26 LaTeX kernel commands for general use (HO)
) (C:\Users\86186\AppData\Local\MiKTeX\tex/generic/etexcmds\etexcmds.sty
Package: etexcmds 2019/12/15 v1.7 Avoid name clashes with e-TeX commands (HO)
))
\openout4 = `bref.pre'.

) (C:\Users\86186\AppData\Local\MiKTeX\tex/latex/ulem\ulem.sty
\UL@box=\box52
\UL@hyphenbox=\box53
\UL@skip=\skip50
\UL@hook=\toks18
\UL@height=\dimen144
\UL@pe=\count196
\UL@pixel=\dimen145
\ULC@box=\box54
Package: ulem 2019/11/18
\ULdepth=\dimen146
) (C:\Users\86186\AppData\Local\MiKTeX\tex/latex/geometry\geometry.sty
Package: geometry 2020/01/02 v5.9 Page Geometry
 (C:\Users\86186\AppData\Local\MiKTeX\tex/generic/iftex\ifvtex.sty
Package: ifvtex 2019/10/25 v1.7 ifvtex legacy package. Use iftex instead.
)
\Gm@cnth=\count197
\Gm@cntv=\count198
\c@Gm@tempcnt=\count199
\Gm@bindingoffset=\dimen147
\Gm@wd@mp=\dimen148
\Gm@odd@mp=\dimen149
\Gm@even@mp=\dimen150
\Gm@layoutwidth=\dimen151
\Gm@layoutheight=\dimen152
\Gm@layouthoffset=\dimen153
\Gm@layoutvoffset=\dimen154
\Gm@dimlist=\toks19
 (C:\Users\86186\AppData\Local\MiKTeX\tex/latex/geometry\geometry.cfg)) (C:\Users\86186\AppData\Local\MiKTeX\tex/latex/amsmath\amsmath.sty
Package: amsmath 2023/05/13 v2.17o AMS math features
\@mathmargin=\skip51

For additional information on amsmath, use the `?' option.
(C:\Users\86186\AppData\Local\MiKTeX\tex/latex/amsmath\amstext.sty
Package: amstext 2021/08/26 v2.01 AMS text
 (C:\Users\86186\AppData\Local\MiKTeX\tex/latex/amsmath\amsgen.sty
File: amsgen.sty 1999/11/30 v2.0 generic functions
\@emptytoks=\toks20
\ex@=\dimen155
)) (C:\Users\86186\AppData\Local\MiKTeX\tex/latex/amsmath\amsbsy.sty
Package: amsbsy 1999/11/29 v1.2d Bold Symbols
\pmbraise@=\dimen156
) (C:\Users\86186\AppData\Local\MiKTeX\tex/latex/amsmath\amsopn.sty
Package: amsopn 2022/04/08 v2.04 operator names
)
\inf@bad=\count266
LaTeX Info: Redefining \frac on input line 234.
\uproot@=\count267
\leftroot@=\count268
LaTeX Info: Redefining \overline on input line 399.
LaTeX Info: Redefining \colon on input line 410.
\classnum@=\count269
\DOTSCASE@=\count270
LaTeX Info: Redefining \ldots on input line 496.
LaTeX Info: Redefining \dots on input line 499.
LaTeX Info: Redefining \cdots on input line 620.
\Mathstrutbox@=\box55
\strutbox@=\box56
LaTeX Info: Redefining \big on input line 722.
LaTeX Info: Redefining \Big on input line 723.
LaTeX Info: Redefining \bigg on input line 724.
LaTeX Info: Redefining \Bigg on input line 725.
\big@size=\dimen157
LaTeX Font Info:    Redeclaring font encoding OML on input line 743.
LaTeX Font Info:    Redeclaring font encoding OMS on input line 744.
\macc@depth=\count271
LaTeX Info: Redefining \bmod on input line 905.
LaTeX Info: Redefining \pmod on input line 910.
LaTeX Info: Redefining \smash on input line 940.
LaTeX Info: Redefining \relbar on input line 970.
LaTeX Info: Redefining \Relbar on input line 971.
\c@MaxMatrixCols=\count272
\dotsspace@=\muskip16
\c@parentequation=\count273
\dspbrk@lvl=\count274
\tag@help=\toks21
\row@=\count275
\column@=\count276
\maxfields@=\count277
\andhelp@=\toks22
\eqnshift@=\dimen158
\alignsep@=\dimen159
\tagshift@=\dimen160
\tagwidth@=\dimen161
\totwidth@=\dimen162
\lineht@=\dimen163
\@envbody=\toks23
\multlinegap=\skip52
\multlinetaggap=\skip53
\mathdisplay@stack=\toks24
LaTeX Info: Redefining \[ on input line 2953.
LaTeX Info: Redefining \] on input line 2954.
) (C:\Users\86186\AppData\Local\MiKTeX\tex/latex/amscls\amsthm.sty
Package: amsthm 2020/05/29 v2.20.6
\thm@style=\toks25
\thm@bodyfont=\toks26
\thm@headfont=\toks27
\thm@notefont=\toks28
\thm@headpunct=\toks29
\thm@preskip=\skip54
\thm@postskip=\skip55
\thm@headsep=\skip56
\dth@everypar=\toks30
) (C:\Users\86186\AppData\Local\MiKTeX\tex/latex/amsfonts\amssymb.sty
Package: amssymb 2013/01/14 v3.01 AMS font symbols
 (C:\Users\86186\AppData\Local\MiKTeX\tex/latex/amsfonts\amsfonts.sty
Package: amsfonts 2013/01/14 v3.01 Basic AMSFonts support
\symAMSa=\mathgroup4
\symAMSb=\mathgroup5
LaTeX Font Info:    Redeclaring math symbol \hbar on input line 98.
LaTeX Font Info:    Overwriting math alphabet `\mathfrak' in version `bold'
(Font)                  U/euf/m/n --> U/euf/b/n on input line 106.
)) (C:\Users\86186\AppData\Local\MiKTeX\tex/latex/enumitem\enumitem.sty
Package: enumitem 2025/02/06 v3.11 Customized lists
\labelindent=\skip57
\enit@outerparindent=\dimen164
\enit@toks=\toks31
\enit@inbox=\box57
\enit@count@id=\count278
\enitdp@description=\count279
) (C:\Users\86186\AppData\Local\MiKTeX\tex/latex/float\float.sty
Package: float 2001/11/08 v1.3d Float enhancements (AL)
\c@float@type=\count280
\float@exts=\toks32
\float@box=\box58
\@float@everytoks=\toks33
\@floatcapt=\box59
) (C:\Users\86186\AppData\Local\MiKTeX\tex/latex/fancyhdr\fancyhdr.sty
Package: fancyhdr 2025/02/07 v5.2 Extensive control of page headers and footers
\f@nch@headwidth=\skip58
\f@nch@offset@elh=\skip59
\f@nch@offset@erh=\skip60
\f@nch@offset@olh=\skip61
\f@nch@offset@orh=\skip62
\f@nch@offset@elf=\skip63
\f@nch@offset@erf=\skip64
\f@nch@offset@olf=\skip65
\f@nch@offset@orf=\skip66
\f@nch@height=\skip67
\f@nch@footalignment=\skip68
\f@nch@widthL=\skip69
\f@nch@widthC=\skip70
\f@nch@widthR=\skip71
\@temptokenb=\toks34
) (C:\Users\86186\AppData\Local\MiKTeX\tex/latex/graphics\color.sty
Package: color 2022/01/06 v1.3d Standard LaTeX Color (DPC)
 (C:\Users\86186\AppData\Local\MiKTeX\tex/latex/graphics-cfg\color.cfg
File: color.cfg 2016/01/02 v1.6 sample color configuration
)
Package color Info: Driver file: pdftex.def on input line 149.
 (C:\Users\86186\AppData\Local\MiKTeX\tex/latex/graphics\mathcolor.ltx)) (C:\Users\86186\AppData\Local\MiKTeX\tex/latex/comment\comment.sty
\CommentStream=\write5
 Excluding comment 'comment') (C:\Users\86186\AppData\Local\MiKTeX\tex/latex/environ\environ.sty
Package: environ 2014/05/04 v0.3 A new way to define environments
 (C:\Users\86186\AppData\Local\MiKTeX\tex/latex/trimspaces\trimspaces.sty
Package: trimspaces 2009/09/17 v1.1 Trim spaces around a token list
)) (C:\Users\86186\AppData\Local\MiKTeX\tex/latex/setspace\setspace.sty
Package: setspace 2022/12/04 v6.7b set line spacing
)
\c@proposition=\count281
\c@corollary=\count282
\c@definition=\count283
\c@example=\count284
\c@theorem=\count285
\c@lemma=\count286
 (C:\Users\86186\AppData\Local\MiKTeX\tex/latex/l3backend\l3backend-pdftex.def
File: l3backend-pdftex.def 2024-01-04 L3 backend support: PDF output (pdfTeX)
\l__color_backend_stack_int=\count287
\l__pdf_internal_box=\box60
) (bref.aux)
\openout1 = `bref.aux'.

LaTeX Font Info:    Checking defaults for OML/cmm/m/it on input line 30.
LaTeX Font Info:    ... okay on input line 30.
LaTeX Font Info:    Checking defaults for OMS/cmsy/m/n on input line 30.
LaTeX Font Info:    ... okay on input line 30.
LaTeX Font Info:    Checking defaults for OT1/cmr/m/n on input line 30.
LaTeX Font Info:    ... okay on input line 30.
LaTeX Font Info:    Checking defaults for T1/cmr/m/n on input line 30.
LaTeX Font Info:    ... okay on input line 30.
LaTeX Font Info:    Checking defaults for TS1/cmr/m/n on input line 30.
LaTeX Font Info:    ... okay on input line 30.
LaTeX Font Info:    Checking defaults for OMX/cmex/m/n on input line 30.
LaTeX Font Info:    ... okay on input line 30.
LaTeX Font Info:    Checking defaults for U/cmr/m/n on input line 30.
LaTeX Font Info:    ... okay on input line 30.
 (C:\Users\86186\AppData\Local\MiKTeX\tex/context/base/mkii\supp-pdf.mkii
[Loading MPS to PDF converter (version 2006.09.02).]
\scratchcounter=\count288
\scratchdimen=\dimen165
\scratchbox=\box61
\nofMPsegments=\count289
\nofMParguments=\count290
\everyMPshowfont=\toks35
\MPscratchCnt=\count291
\MPscratchDim=\dimen166
\MPnumerator=\count292
\makeMPintoPDFobject=\count293
\everyMPtoPDFconversion=\toks36
) (C:\Users\86186\AppData\Local\MiKTeX\tex/latex/epstopdf-pkg\epstopdf-base.sty
Package: epstopdf-base 2020-01-24 v2.11 Base part for package epstopdf
Package epstopdf-base Info: Redefining graphics rule for `.eps' on input line 485.
 (C:\Users\86186\AppData\Local\MiKTeX\tex/latex/00miktex\epstopdf-sys.cfg
File: epstopdf-sys.cfg 2021/03/18 v2.0 Configuration of epstopdf for MiKTeX
))
*geometry* driver: auto-detecting
*geometry* detected driver: pdftex
*geometry* verbose mode - [ preamble ] result:
* driver: pdftex
* paper: <default>
* layout: <same size as paper>
* layoutoffset:(h,v)=(0.0pt,0.0pt)
* modes: 
* h-part:(L,W,R)=(72.26999pt, 469.75502pt, 72.26999pt)
* v-part:(T,H,B)=(72.26999pt, 650.43001pt, 72.26999pt)
* \paperwidth=614.295pt
* \paperheight=794.96999pt
* \textwidth=469.75502pt
* \textheight=650.43001pt
* \oddsidemargin=0.0pt
* \evensidemargin=0.0pt
* \topmargin=-37.0pt
* \headheight=12.0pt
* \headsep=25.0pt
* \topskip=12.0pt
* \footskip=30.0pt
* \marginparwidth=44.0pt
* \marginparsep=10.0pt
* \columnsep=10.0pt
* \skip\footins=10.8pt plus 4.0pt minus 2.0pt
* \hoffset=0.0pt
* \voffset=0.0pt
* \mag=1000
* \@twocolumnfalse
* \@twosidefalse
* \@mparswitchfalse
* \@reversemarginfalse
* (1in=72.27pt=25.4mm, 1cm=28.453pt)

LaTeX Font Info:    Trying to load font information for U+msa on input line 31.
(C:\Users\86186\AppData\Local\MiKTeX\tex/latex/amsfonts\umsa.fd
File: umsa.fd 2013/01/14 v3.01 AMS symbols A
)
LaTeX Font Info:    Trying to load font information for U+msb on input line 31.
 (C:\Users\86186\AppData\Local\MiKTeX\tex/latex/amsfonts\umsb.fd
File: umsb.fd 2013/01/14 v3.01 AMS symbols B
) [1

{C:/Users/86186/AppData/Local/MiKTeX/fonts/map/pdftex/pdftex.map}] (bref.toc)
\tf@toc=\write6
\openout6 = `bref.toc'.

 [2]
Underfull \hbox (badness 10000) in paragraph at lines 37--40

 []


Underfull \hbox (badness 10000) in paragraph at lines 54--57

 []


Underfull \hbox (badness 10000) in paragraph at lines 62--65

 []


Underfull \hbox (badness 10000) in paragraph at lines 73--76

 []

[3]
Underfull \hbox (badness 10000) in paragraph at lines 122--124

 []


Underfull \hbox (badness 10000) in paragraph at lines 131--132

 []

[4]
Underfull \hbox (badness 10000) in paragraph at lines 142--144

 []


Underfull \hbox (badness 10000) in paragraph at lines 145--151

 []


Underfull \hbox (badness 10000) in paragraph at lines 145--151

 []


Underfull \hbox (badness 10000) in paragraph at lines 153--154

 []


Underfull \hbox (badness 10000) in paragraph at lines 155--158

 []


Underfull \hbox (badness 10000) in paragraph at lines 165--166

 []

LaTeX Font Info:    Trying to load font information for OMS+cmr on input line 173.
(C:\Users\86186\AppData\Local\MiKTeX\tex/latex/base\omscmr.fd
File: omscmr.fd 2023/04/13 v2.5m Standard LaTeX font definitions
)
LaTeX Font Info:    Font shape `OMS/cmr/m/n' in size <12> not available
(Font)              Font shape `OMS/cmsy/m/n' tried instead on input line 173.

Underfull \hbox (badness 10000) in paragraph at lines 183--185

 []

[5]
Underfull \hbox (badness 10000) in paragraph at lines 188--191

 []

[6]
Underfull \hbox (badness 10000) in paragraph at lines 227--229

 []


Underfull \hbox (badness 10000) in paragraph at lines 237--238

 []

[7] (bref.aux)
 ***********
LaTeX2e <2023-11-01> patch level 1
L3 programming layer <2024-01-04>
 ***********
 ) 
Here is how much of TeX's memory you used:
 4782 strings out of 474486
 75257 string characters out of 5747976
 1935542 words of memory out of 5000000
 26972 multiletter control sequences out of 15000+600000
 567623 words of font info for 74 fonts, out of 8000000 for 9000
 1141 hyphenation exceptions out of 8191
 72i,8n,79p,289b,356s stack positions out of 10000i,1000n,20000p,200000b,200000s
<C:/Users/86186/AppData/Local/MiKTeX/fonts/type1/public/amsfonts/cm/cmbx12.pfb><C:/Users/86186/AppData/Local/MiKTeX/fonts/type1/public/amsfonts/cm/cmex10.pfb><C:/Users/86186/AppData/Local/MiKTeX/fonts/type1/public/amsfonts/cm/cmmi12.pfb><C:/Users/86186/AppData/Local/MiKTeX/fonts/type1/public/amsfonts/cm/cmmi6.pfb><C:/Users/86186/AppData/Local/MiKTeX/fonts/type1/public/amsfonts/cm/cmmi8.pfb><C:/Users/86186/AppData/Local/MiKTeX/fonts/type1/public/amsfonts/cm/cmr12.pfb><C:/Users/86186/AppData/Local/MiKTeX/fonts/type1/public/amsfonts/cm/cmr17.pfb><C:/Users/86186/AppData/Local/MiKTeX/fonts/type1/public/amsfonts/cm/cmr8.pfb><C:/Users/86186/AppData/Local/MiKTeX/fonts/type1/public/amsfonts/cm/cmsy10.pfb><C:/Users/86186/AppData/Local/MiKTeX/fonts/type1/public/amsfonts/cm/cmsy8.pfb><C:/Users/86186/AppData/Local/MiKTeX/fonts/type1/public/amsfonts/cm/cmti12.pfb><C:/Users/86186/AppData/Local/MiKTeX/fonts/type1/public/amsfonts/symbols/msbm10.pfb>
Output written on bref.pdf (7 pages, 158041 bytes).
PDF statistics:
 86 PDF objects out of 1000 (max. 8388607)
 0 named destinations out of 1000 (max. 500000)
 1 words of extra memory for PDF output out of 10000 (max. 10000000)

